<?xml version="1.0" encoding="UTF-8"?>
<!-- Generated by org.testng.reporters.JUnitReportReporter -->
<testsuite hostname="asus" name="EasyThreadLocalNGTest" tests="7" failures="0" timestamp="13 Nov 2015 22:55:48 GMT" time="0.043" errors="0">
  <testcase name="instanceTest2" time="0.003" classname="EasyThreadLocalNGTest"/>
  <testcase name="instanceTest" time="0.002" classname="EasyThreadLocalNGTest"/>
  <testcase name="instanceTest5" time="0.002" classname="EasyThreadLocalNGTest"/>
  <testcase name="instanceTest4" time="0.002" classname="EasyThreadLocalNGTest"/>
  <testcase name="instanceTest3" time="0.001" classname="EasyThreadLocalNGTest"/>
  <testcase name="instanceTest6" time="0.026" classname="EasyThreadLocalNGTest"/>
  <testcase name="instanceTest7" time="0.007" classname="EasyThreadLocalNGTest"/>
</testsuite> <!-- EasyThreadLocalNGTest -->
