<?xml version="1.0" encoding="UTF-8"?>
<!-- Generated by org.testng.reporters.JUnitReportReporter -->
<testsuite hostname="asus" name="EasyNGTest" tests="7" failures="0" timestamp="13 Nov 2015 22:55:48 GMT" time="0.083" errors="0">
  <testcase name="instanceTest3" time="0.006" classname="EasyNGTest"/>
  <testcase name="instanceTest2" time="0.004" classname="EasyNGTest"/>
  <testcase name="instanceTest5" time="0.015" classname="EasyNGTest"/>
  <testcase name="instanceTest4" time="0.002" classname="EasyNGTest"/>
  <testcase name="instanceTest6" time="0.035" classname="EasyNGTest"/>
  <testcase name="instanceTest" time="0.018" classname="EasyNGTest"/>
  <testcase name="instanceTest7" time="0.003" classname="EasyNGTest"/>
</testsuite> <!-- EasyNGTest -->
