<?xml version="1.0" encoding="UTF-8"?>
<!-- Generated by org.testng.reporters.JUnitReportReporter -->
<testsuite hostname="asus" name="ProviderNGTest" tests="1" failures="0" timestamp="13 Nov 2015 22:55:48 GMT" time="0.003" errors="0">
  <testcase name="testMe" time="0.003" classname="ProviderNGTest"/>
</testsuite> <!-- ProviderNGTest -->
